*****************************************************************
      SolidWorks Corporation - IGES Processor Status Report
*****************************************************************
=================================================================
General Information
=================================================================
Sending System Product I.D.  : 
Receiving System Product I.D.: 
File Name                    : C:\Users\Mart\Documents\Libraries\3D Componenten\Pin Headers\Pin Headers 1x1 angle TH Pitch 2.54mm\Pin Header 1x3 TH Angle Pitch 2.54mm.igs
Sending System               : Rhinoceros ( Oct 24 2012 )
Preprocessor Version         : Trout Lake IGES 012 Oct 24 2012
File Creation Date           : 140621.115000
Model Creation Date          : 140621.115000
Units                        : MM
Model Space Scale            : 1
Author                       : 
Organization                 : 


=================================================================
Entity Processing Information
=================================================================


=================================================================
Precision analysis of IGES file:
=================================================================
  Most prevalent number of significant digits:              14
  Highest number of significant digits:                     14
  Average number of significant digits:                12.7979
  Maximum distance to origin:                           13.193
  Minimum distance to origin:                         0.153849
  Effective number of significant digits:              13.9899


=================================================================
Entity Summary
=================================================================
-----------------------------------------------------------------
Type Name                                         Count Converted
---- ----                                         ----- ---------
102  Composite curve                                  5         5
126  Rational B-spline curve                       1210      1210
128  Rational B-spline surface                      135       135
141  Boundary                                       114       114
143  Bounded surface                                108       108
314  Color definition                                 2         2
406  Property                                         2         2
_________________________________________________________________


=================================================================
Result Summary
=================================================================
SolidWorks Feature Type                Count
-----------------------                -----
Solid feature(s)                       2
Surface feature(s)                     4
Curve/Sketch feature(s)                0
--------------------------------------------
Start time: Thursday, July 20, 2017 23:09:08
Finish time: Thursday, July 20, 2017 23:09:11
Processing time: 0 days, 00 hours, 00 mins, 03 secs
